<?xml version="1.0" encoding="UTF-8"?>
<testsuite name="CurrencyConverter.CurrencyConverterTest" time="11.088" tests="13" errors="0" skipped="0" failures="0">
  <properties>
[...]
</properties>
  <testcase name="testInputFieldForDifferentValues(1,  1) [0]" classname="CurrencyConverter.CurrencyConverterTest" time="3.837"/>
  <testcase name="testInputFieldForDifferentValues(-1, 1) [1]" classname="CurrencyConverter.CurrencyConverterTest" time="0.593"/>
  <testcase name="testInputFieldForDifferentValues(1.0,    1.0) [2]" classname="CurrencyConverter.CurrencyConverterTest" time="0.514"/>
  <testcase name="testInputFieldForDifferentValues(1\,0,   1\,0) [3]" classname="CurrencyConverter.CurrencyConverterTest" time="0.447"/>
  <testcase name="testInputFieldForDifferentValues(1.00,   1.00) [4]" classname="CurrencyConverter.CurrencyConverterTest" time="0.43"/>
  <testcase name="testInputFieldForDifferentValues(1\,00,  1\,00) [5]" classname="CurrencyConverter.CurrencyConverterTest" time="0.464"/>
  <testcase name="testInputFieldForDifferentValues(-234.234,   234.23) [6]" classname="CurrencyConverter.CurrencyConverterTest" time="0.525"/>
  <testcase name="testInputFieldForDifferentValues(a243.i456,  243.45) [7]" classname="CurrencyConverter.CurrencyConverterTest" time="0.539"/>
  <testcase name="testInputFieldForDifferentValues(999999999999,   999 999 999 999) [8]" classname="CurrencyConverter.CurrencyConverterTest" time="0.575"/>
  <testcase name="testInputFieldForDifferentValues(0003\,54aoi\,,  0 003\,54) [9]" classname="CurrencyConverter.CurrencyConverterTest" time="0.615"/>
  <testcase name="testInputFieldForDifferentValues(0\,aoe2534aoip2.2,  0\,25) [10]" classname="CurrencyConverter.CurrencyConverterTest" time="0.678"/>
  <testcase name="testInputFieldForDifferentValues(999999999999.999999999, 999 999 999 999.99) [11]" classname="CurrencyConverter.CurrencyConverterTest" time="0.719"/>
  <testcase name="testInputFieldForDifferentValues(u4398uh342\,\,\,2342\,234ia.\,234iu,    4 398 342\,23) [12]" classname="CurrencyConverter.CurrencyConverterTest" time="1.152"/>
</testsuite>